<?xml version="1.0" encoding="UTF-8"?>
<!-- Generated by org.testng.reporters.JUnitReportReporter -->
<testsuite hostname="DESKTOP-HUP5OAH" failures="0" tests="1" name="test.Signintest" time="9.180" errors="0" timestamp="2023-07-19T20:10:11 IST" skipped="0">
  <testcase classname="test.Signintest" name="verifysignin" time="9.180"/>
</testsuite> <!-- test.Signintest -->
