<?xml version="1.0" encoding="UTF-8"?>
<!-- Generated by org.testng.reporters.JUnitReportReporter -->
<testsuite hostname="DESKTOP-HUP5OAH" failures="0" tests="2" name="test.Producttest" time="29.635" errors="0" timestamp="2023-07-25T12:42:35 IST" skipped="0">
  <testcase classname="test.Producttest" name="verifysignin" time="15.899"/>
  <testcase classname="test.Producttest" name="verifyproduct" time="13.736"/>
</testsuite> <!-- test.Producttest -->
