<?xml version="1.0" encoding="UTF-8"?>
<!-- Generated by org.testng.reporters.JUnitReportReporter -->
<testsuite hostname="DESKTOP-HUP5OAH" failures="0" tests="1" name="test.Createtest" time="22.116" errors="0" timestamp="2023-07-25T12:42:35 IST" skipped="0">
  <testcase classname="test.Createtest" name="verifycreate" time="22.116"/>
</testsuite> <!-- test.Createtest -->
